frontEnd/app/build/intermediates/manifest_merge_blame_file/debug/processDebugMainManifest/manifest-merger-blame-debug-report.txt
1<?xml version="1.0" encoding="utf-8"?>
2<manifest xmlns:android="http://schemas.android.com/apk/res/android"
3    package="com.example.navermap"
4    android:versionCode="1"
5    android:versionName="1.0" >
6
7    <uses-sdk
8        android:minSdkVersion="24"
9        android:targetSdkVersion="35" />
10
11    <uses-permission android:name="android.permission.INTERNET" />
11-->src\main\AndroidManifest.xml:5:5-66
11-->src\main\AndroidManifest.xml:5:22-64
12    <uses-permission android:name="android.permission.ACCESS_FINE_LOCATION" />
12-->src\main\AndroidManifest.xml:6:5-78
12-->src\main\AndroidManifest.xml:6:22-76
13    <uses-permission android:name="android.permission.ACCESS_COARSE_LOCATION" />
13-->src\main\AndroidManifest.xml:7:5-80
13-->src\main\AndroidManifest.xml:7:22-78
14
15    <uses-feature
15-->[com.naver.maps:map-sdk:3.21.0] AndroidManifest.xml:7:5-9:35
16        android:glEsVersion="0x00020000"
16-->[com.naver.maps:map-sdk:3.21.0] AndroidManifest.xml:8:9-41
17        android:required="true" />
17-->[com.naver.maps:map-sdk:3.21.0] AndroidManifest.xml:9:9-32
18    <uses-feature
18-->[com.naver.maps:map-sdk:3.21.0] AndroidManifest.xml:10:5-12:36
19        android:name="android.hardware.wifi"
19-->[com.naver.maps:map-sdk:3.21.0] AndroidManifest.xml:11:9-45
20        android:required="false" />
20-->[com.naver.maps:map-sdk:3.21.0] AndroidManifest.xml:12:9-33
21
22    <uses-permission android:name="android.permission.ACCESS_NETWORK_STATE" />
22-->[com.naver.maps:map-sdk:3.21.0] AndroidManifest.xml:15:5-79
22-->[com.naver.maps:map-sdk:3.21.0] AndroidManifest.xml:15:22-76
23    <uses-permission android:name="android.permission.ACCESS_WIFI_STATE" />
23-->[com.naver.maps:map-sdk:3.21.0] AndroidManifest.xml:16:5-76
23-->[com.naver.maps:map-sdk:3.21.0] AndroidManifest.xml:16:22-73
24
25    <permission
25-->[androidx.core:core:1.15.0] AndroidManifest.xml:22:5-24:47
26        android:name="com.example.navermap.DYNAMIC_RECEIVER_NOT_EXPORTED_PERMISSION"
26-->[androidx.core:core:1.15.0] AndroidManifest.xml:23:9-81
27        android:protectionLevel="signature" />
27-->[androidx.core:core:1.15.0] AndroidManifest.xml:24:9-44
28
29    <uses-permission android:name="com.example.navermap.DYNAMIC_RECEIVER_NOT_EXPORTED_PERMISSION" />
29-->[androidx.core:core:1.15.0] AndroidManifest.xml:26:5-97
29-->[androidx.core:core:1.15.0] AndroidManifest.xml:26:22-94
30
31    <application
31-->src\main\AndroidManifest.xml:9:5-33:19
32        android:allowBackup="true"
32-->src\main\AndroidManifest.xml:10:9-35
33        android:appComponentFactory="androidx.core.app.CoreComponentFactory"
33-->[androidx.core:core:1.15.0] AndroidManifest.xml:28:18-86
34        android:dataExtractionRules="@xml/data_extraction_rules"
34-->src\main\AndroidManifest.xml:11:9-65
35        android:debuggable="true"
36        android:extractNativeLibs="false"
37        android:fullBackupContent="@xml/backup_rules"
37-->src\main\AndroidManifest.xml:12:9-54
38        android:icon="@mipmap/ic_launcher"
38-->src\main\AndroidManifest.xml:13:9-43
39        android:label="@string/app_name"
39-->src\main\AndroidManifest.xml:14:9-41
40        android:roundIcon="@mipmap/ic_launcher_round"
40-->src\main\AndroidManifest.xml:15:9-54
41        android:supportsRtl="true"
41-->src\main\AndroidManifest.xml:16:9-35
42        android:testOnly="true"
43        android:theme="@style/Theme.Navermap" >
43-->src\main\AndroidManifest.xml:17:9-46
44        <meta-data
44-->src\main\AndroidManifest.xml:20:9-22:42
45            android:name="com.naver.maps.map.NCP_KEY_ID"
45-->src\main\AndroidManifest.xml:21:13-57
46            android:value="69hhpxw8f1" />
46-->src\main\AndroidManifest.xml:22:13-39
47
48        <activity
48-->src\main\AndroidManifest.xml:24:9-32:20
49            android:name="com.example.navermap.MainActivity"
49-->src\main\AndroidManifest.xml:25:13-41
50            android:exported="true" >
50-->src\main\AndroidManifest.xml:26:13-36
51            <intent-filter>
51-->src\main\AndroidManifest.xml:27:13-31:29
52                <action android:name="android.intent.action.MAIN" />
52-->src\main\AndroidManifest.xml:28:17-69
52-->src\main\AndroidManifest.xml:28:25-66
53
54                <category android:name="android.intent.category.LAUNCHER" />
54-->src\main\AndroidManifest.xml:30:17-77
54-->src\main\AndroidManifest.xml:30:27-74
55            </intent-filter>
56        </activity>
57        <activity
57-->[com.naver.maps:map-sdk:3.21.0] AndroidManifest.xml:19:9-23:51
58            android:name="com.naver.maps.map.app.LegendActivity"
58-->[com.naver.maps:map-sdk:3.21.0] AndroidManifest.xml:20:13-65
59            android:configChanges="screenSize|smallestScreenSize|screenLayout|orientation"
59-->[com.naver.maps:map-sdk:3.21.0] AndroidManifest.xml:21:13-91
60            android:label="@string/navermap_legend"
60-->[com.naver.maps:map-sdk:3.21.0] AndroidManifest.xml:22:13-52
61            android:theme="@style/navermap_app" />
61-->[com.naver.maps:map-sdk:3.21.0] AndroidManifest.xml:23:13-48
62        <activity
62-->[com.naver.maps:map-sdk:3.21.0] AndroidManifest.xml:24:9-28:51
63            android:name="com.naver.maps.map.app.LegalNoticeActivity"
63-->[com.naver.maps:map-sdk:3.21.0] AndroidManifest.xml:25:13-70
64            android:configChanges="screenSize|smallestScreenSize|screenLayout|orientation"
64-->[com.naver.maps:map-sdk:3.21.0] AndroidManifest.xml:26:13-91
65            android:label="@string/navermap_legal_notice"
65-->[com.naver.maps:map-sdk:3.21.0] AndroidManifest.xml:27:13-58
66            android:theme="@style/navermap_app" />
66-->[com.naver.maps:map-sdk:3.21.0] AndroidManifest.xml:28:13-48
67        <activity
67-->[com.naver.maps:map-sdk:3.21.0] AndroidManifest.xml:29:9-33:51
68            android:name="com.naver.maps.map.app.OpenSourceLicenseActivity"
68-->[com.naver.maps:map-sdk:3.21.0] AndroidManifest.xml:30:13-76
69            android:configChanges="screenSize|smallestScreenSize|screenLayout|orientation"
69-->[com.naver.maps:map-sdk:3.21.0] AndroidManifest.xml:31:13-91
70            android:label="@string/navermap_open_source_license"
70-->[com.naver.maps:map-sdk:3.21.0] AndroidManifest.xml:32:13-65
71            android:theme="@style/navermap_app" />
71-->[com.naver.maps:map-sdk:3.21.0] AndroidManifest.xml:33:13-48
72
73        <provider
73-->[androidx.emoji2:emoji2:1.3.0] AndroidManifest.xml:24:9-32:20
74            android:name="androidx.startup.InitializationProvider"
74-->[androidx.emoji2:emoji2:1.3.0] AndroidManifest.xml:25:13-67
75            android:authorities="com.example.navermap.androidx-startup"
75-->[androidx.emoji2:emoji2:1.3.0] AndroidManifest.xml:26:13-68
76            android:exported="false" >
76-->[androidx.emoji2:emoji2:1.3.0] AndroidManifest.xml:27:13-37
77            <meta-data
77-->[androidx.emoji2:emoji2:1.3.0] AndroidManifest.xml:29:13-31:52
78                android:name="androidx.emoji2.text.EmojiCompatInitializer"
78-->[androidx.emoji2:emoji2:1.3.0] AndroidManifest.xml:30:17-75
79                android:value="androidx.startup" />
79-->[androidx.emoji2:emoji2:1.3.0] AndroidManifest.xml:31:17-49
80            <meta-data
80-->[androidx.lifecycle:lifecycle-process:2.6.2] AndroidManifest.xml:29:13-31:52
81                android:name="androidx.lifecycle.ProcessLifecycleInitializer"
81-->[androidx.lifecycle:lifecycle-process:2.6.2] AndroidManifest.xml:30:17-78
82                android:value="androidx.startup" />
82-->[androidx.lifecycle:lifecycle-process:2.6.2] AndroidManifest.xml:31:17-49
83            <meta-data
83-->[androidx.profileinstaller:profileinstaller:1.4.0] AndroidManifest.xml:29:13-31:52
84                android:name="androidx.profileinstaller.ProfileInstallerInitializer"
84-->[androidx.profileinstaller:profileinstaller:1.4.0] AndroidManifest.xml:30:17-85
85                android:value="androidx.startup" />
85-->[androidx.profileinstaller:profileinstaller:1.4.0] AndroidManifest.xml:31:17-49
86        </provider>
87
88        <receiver
88-->[androidx.profileinstaller:profileinstaller:1.4.0] AndroidManifest.xml:34:9-52:20
89            android:name="androidx.profileinstaller.ProfileInstallReceiver"
89-->[androidx.profileinstaller:profileinstaller:1.4.0] AndroidManifest.xml:35:13-76
90            android:directBootAware="false"
90-->[androidx.profileinstaller:profileinstaller:1.4.0] AndroidManifest.xml:36:13-44
91            android:enabled="true"
91-->[androidx.profileinstaller:profileinstaller:1.4.0] AndroidManifest.xml:37:13-35
92            android:exported="true"
92-->[androidx.profileinstaller:profileinstaller:1.4.0] AndroidManifest.xml:38:13-36
93            android:permission="android.permission.DUMP" >
93-->[androidx.profileinstaller:profileinstaller:1.4.0] AndroidManifest.xml:39:13-57
94            <intent-filter>
94-->[androidx.profileinstaller:profileinstaller:1.4.0] AndroidManifest.xml:40:13-42:29
95                <action android:name="androidx.profileinstaller.action.INSTALL_PROFILE" />
95-->[androidx.profileinstaller:profileinstaller:1.4.0] AndroidManifest.xml:41:17-91
95-->[androidx.profileinstaller:profileinstaller:1.4.0] AndroidManifest.xml:41:25-88
96            </intent-filter>
97            <intent-filter>
97-->[androidx.profileinstaller:profileinstaller:1.4.0] AndroidManifest.xml:43:13-45:29
98                <action android:name="androidx.profileinstaller.action.SKIP_FILE" />
98-->[androidx.profileinstaller:profileinstaller:1.4.0] AndroidManifest.xml:44:17-85
98-->[androidx.profileinstaller:profileinstaller:1.4.0] AndroidManifest.xml:44:25-82
99            </intent-filter>
100            <intent-filter>
100-->[androidx.profileinstaller:profileinstaller:1.4.0] AndroidManifest.xml:46:13-48:29
101                <action android:name="androidx.profileinstaller.action.SAVE_PROFILE" />
101-->[androidx.profileinstaller:profileinstaller:1.4.0] AndroidManifest.xml:47:17-88
101-->[androidx.profileinstaller:profileinstaller:1.4.0] AndroidManifest.xml:47:25-85
102            </intent-filter>
103            <intent-filter>
103-->[androidx.profileinstaller:profileinstaller:1.4.0] AndroidManifest.xml:49:13-51:29
104                <action android:name="androidx.profileinstaller.action.BENCHMARK_OPERATION" />
104-->[androidx.profileinstaller:profileinstaller:1.4.0] AndroidManifest.xml:50:17-95
104-->[androidx.profileinstaller:profileinstaller:1.4.0] AndroidManifest.xml:50:25-92
105            </intent-filter>
106        </receiver>
107    </application>
108
109</manifest>